[
  {
    "Plan": {
      "Node Type": "Gather",
      "Parallel Aware": false,
      "Async Capable": false,
      "Startup Cost": 5412.18,
      "Total Cost": 12471.93,
      "Plan Rows": 1,
      "Plan Width": 30,
      "Actual Startup Time": 147.587,
      "Actual Total Time": 392.970,
      "Actual Rows": 200000,
      "Actual Loops": 1,
      "Workers Planned": 1,
      "Workers Launched": 1,
      "Single Copy": false,
      "Plans": [
        {
          "Node Type": "Hash Join",
          "Parent Relationship": "Outer",
          "Parallel Aware": true,
          "Async Capable": false,
          "Join Type": "Inner",
          "Startup Cost": 4412.18,
          "Total Cost": 11471.83,
          "Plan Rows": 1,
          "Plan Width": 30,
          "Actual Startup Time": 79.736,
          "Actual Total Time": 231.405,
          "Actual Rows": 100000,
          "Actual Loops": 2,
          "Inner Unique": false,
          "Hash Cond": "((t2.id1 = t1.id1) AND (t2.id2 = t1.id2))",
          "Workers": [
          ],
          "Plans": [
            {
              "Node Type": "Seq Scan",
              "Parent Relationship": "Outer",
              "Parallel Aware": true,
              "Async Capable": false,
              "Relation Name": "table2",
              "Alias": "t2",
              "Startup Cost": 0.00,
              "Total Cost": 5294.94,
              "Plan Rows": 235294,
              "Plan Width": 19,
              "Actual Startup Time": 0.011,
              "Actual Total Time": 20.207,
              "Actual Rows": 200000,
              "Actual Loops": 2,
              "Workers": [
              ]
            },
            {
              "Node Type": "Hash",
              "Parent Relationship": "Inner",
              "Parallel Aware": true,
              "Async Capable": false,
              "Startup Cost": 2647.47,
              "Total Cost": 2647.47,
              "Plan Rows": 117647,
              "Plan Width": 19,
              "Actual Startup Time": 78.680,
              "Actual Total Time": 78.681,
              "Actual Rows": 100000,
              "Actual Loops": 2,
              "Hash Buckets": 262144,
              "Original Hash Buckets": 262144,
              "Hash Batches": 1,
              "Original Hash Batches": 1,
              "Peak Memory Usage": 13024,
              "Workers": [
              ],
              "Plans": [
                {
                  "Node Type": "Seq Scan",
                  "Parent Relationship": "Outer",
                  "Parallel Aware": true,
                  "Async Capable": false,
                  "Relation Name": "table1",
                  "Alias": "t1",
                  "Startup Cost": 0.00,
                  "Total Cost": 2647.47,
                  "Plan Rows": 117647,
                  "Plan Width": 19,
                  "Actual Startup Time": 0.018,
                  "Actual Total Time": 22.570,
                  "Actual Rows": 100000,
                  "Actual Loops": 2,
                  "Workers": [
                  ]
                }
              ]
            }
          ]
        }
      ]
    },
    "Planning Time": 4.635,
    "Triggers": [
    ],
    "Execution Time": 404.442
  }
]